<?xml version="1.0" encoding="utf-8"?><testsuites name="pytest tests"><testsuite name="pytest" errors="0" failures="0" skipped="4" tests="21" time="6.737" timestamp="2026-02-28T12:02:55.315444+00:00" hostname="agent-env-abc588d8-7e9f-4cca-b5ca-a2d7479a36c9"><testcase classname="backend.tests.test_notifications.TestHealthAndAuth" name="test_api_health" time="0.281" /><testcase classname="backend.tests.test_notifications.TestHealthAndAuth" name="test_login_director" time="0.171" /><testcase classname="backend.tests.test_notifications.TestNotificationEmployeesList" name="test_get_employees_for_test_success" time="0.330" /><testcase classname="backend.tests.test_notifications.TestNotificationEmployeesList" name="test_get_employees_unauthorized" time="0.161" /><testcase classname="backend.tests.test_notifications.TestNotificationEmployeesList" name="test_get_employees_non_director" time="0.303"><skipped type="pytest.skip" message="No non-director users available to test">/app/backend/tests/test_notifications.py:116: No non-director users available to test</skipped></testcase><testcase classname="backend.tests.test_notifications.TestNotificationTestSending" name="test_send_test_notification_success" time="0.495" /><testcase classname="backend.tests.test_notifications.TestNotificationTestSending" name="test_send_test_notification_multiple_users" time="0.319"><skipped type="pytest.skip" message="Need at least 2 employees for this test">/app/backend/tests/test_notifications.py:188: Need at least 2 employees for this test</skipped></testcase><testcase classname="backend.tests.test_notifications.TestNotificationTestSending" name="test_send_test_notification_empty_users" time="0.340" /><testcase classname="backend.tests.test_notifications.TestNotificationTestSending" name="test_send_test_notification_invalid_user" time="0.318" /><testcase classname="backend.tests.test_notifications.TestDailyPlanningNotification" name="test_trigger_daily_planning_success" time="0.318" /><testcase classname="backend.tests.test_notifications.TestDailyPlanningNotification" name="test_trigger_daily_planning_unauthorized" time="0.160" /><testcase classname="backend.tests.test_notifications.TestQuickReply" name="test_quick_reply_missing_message_id" time="0.300" /><testcase classname="backend.tests.test_notifications.TestQuickReply" name="test_quick_reply_empty_content" time="0.310" /><testcase classname="backend.tests.test_notifications.TestQuickReply" name="test_quick_reply_whitespace_content" time="0.323" /><testcase classname="backend.tests.test_notifications.TestQuickReply" name="test_quick_reply_with_real_message" time="0.345"><skipped type="pytest.skip" message="Could not create test message: {&quot;id&quot;:&quot;66e7c8f2-774a-4a78-bb00-d1d45f59d37b&quot;,&quot;expediteur_id&quot;:&quot;e05020f1-3722-4322-9805-4ebc89046803&quot;,&quot;destinataire_id&quot;:null,&quot;groupe_id&quot;:null,&quot;contenu&quot;:&quot;TEST_Message for quick reply test&quot;,&quot;type_message&quot;:&quot;GENERAL&quot;,&quot;date_envoi&quot;:&quot;2026-02-28T12:02:59.870337Z&quot;,&quot;lu&quot;:false}">/app/backend/tests/test_notifications.py:346: Could not create test message: {"id":"66e7c8f2-774a-4a78-bb00-d1d45f59d37b","expediteur_id":"e05020f1-3722-4322-9805-4ebc89046803","destinataire_id":null,"groupe_id":null,"contenu":"TEST_Message for quick reply test","type_message":"GENERAL","date_envoi":"2026-02-28T12:02:59.870337Z","lu":false}</skipped></testcase><testcase classname="backend.tests.test_notifications.TestLeaveApprovalWithAssistantSlots" name="test_leave_approval_endpoint_exists" time="0.321" /><testcase classname="backend.tests.test_notifications.TestLeaveApprovalWithAssistantSlots" name="test_create_and_approve_leave_for_medecin" time="0.322"><skipped type="pytest.skip" message="No active medecin found for testing">/app/backend/tests/test_notifications.py:413: No active medecin found for testing</skipped></testcase><testcase classname="backend.tests.test_notifications.TestLeaveApprovalWithAssistantSlots" name="test_get_conges_list" time="0.352" /><testcase classname="backend.tests.test_notifications.TestNotificationsList" name="test_get_user_notifications" time="0.322" /><testcase classname="backend.tests.test_notifications.TestNotificationsList" name="test_mark_notification_read" time="0.481" /><testcase classname="backend.tests.test_notifications.TestCleanup" name="test_cleanup_test_leaves" time="0.331" /></testsuite></testsuites>