<?xml version="1.0" encoding="utf-8"?><testsuites name="pytest tests"><testsuite name="pytest" errors="0" failures="0" skipped="1" tests="22" time="11.178" timestamp="2026-02-28T12:05:13.827040+00:00" hostname="agent-env-abc588d8-7e9f-4cca-b5ca-a2d7479a36c9"><testcase classname="backend.tests.test_notifications.TestHealthAndAuth" name="test_api_health" time="0.282" /><testcase classname="backend.tests.test_notifications.TestHealthAndAuth" name="test_login_director" time="0.173" /><testcase classname="backend.tests.test_notifications.TestNotificationEmployeesList" name="test_get_employees_for_test_success" time="0.322" /><testcase classname="backend.tests.test_notifications.TestNotificationEmployeesList" name="test_get_employees_unauthorized" time="0.145" /><testcase classname="backend.tests.test_notifications.TestNotificationEmployeesList" name="test_get_employees_non_director" time="0.317" /><testcase classname="backend.tests.test_notifications.TestNotificationTestSending" name="test_send_test_notification_success" time="0.483" /><testcase classname="backend.tests.test_notifications.TestNotificationTestSending" name="test_send_test_notification_multiple_users" time="0.467" /><testcase classname="backend.tests.test_notifications.TestNotificationTestSending" name="test_send_test_notification_empty_users" time="0.374" /><testcase classname="backend.tests.test_notifications.TestNotificationTestSending" name="test_send_test_notification_invalid_user" time="0.312" /><testcase classname="backend.tests.test_notifications.TestDailyPlanningNotification" name="test_trigger_daily_planning_success" time="0.304" /><testcase classname="backend.tests.test_notifications.TestDailyPlanningNotification" name="test_trigger_daily_planning_unauthorized" time="0.156" /><testcase classname="backend.tests.test_notifications.TestQuickReply" name="test_quick_reply_missing_message_id" time="0.315" /><testcase classname="backend.tests.test_notifications.TestQuickReply" name="test_quick_reply_empty_content" time="0.305" /><testcase classname="backend.tests.test_notifications.TestQuickReply" name="test_quick_reply_whitespace_content" time="0.313" /><testcase classname="backend.tests.test_notifications.TestQuickReply" name="test_quick_reply_with_real_message" time="0.305"><skipped type="pytest.skip" message="Could not create test message: {&quot;id&quot;:&quot;ca1f8651-2bef-48c8-8aa2-9a533693ec06&quot;,&quot;expediteur_id&quot;:&quot;e05020f1-3722-4322-9805-4ebc89046803&quot;,&quot;destinataire_id&quot;:null,&quot;groupe_id&quot;:null,&quot;contenu&quot;:&quot;TEST_Message for quick reply test&quot;,&quot;type_message&quot;:&quot;GENERAL&quot;,&quot;date_envoi&quot;:&quot;2026-02-28T12:05:18.450557Z&quot;,&quot;lu&quot;:false}">/app/backend/tests/test_notifications.py:346: Could not create test message: {"id":"ca1f8651-2bef-48c8-8aa2-9a533693ec06","expediteur_id":"e05020f1-3722-4322-9805-4ebc89046803","destinataire_id":null,"groupe_id":null,"contenu":"TEST_Message for quick reply test","type_message":"GENERAL","date_envoi":"2026-02-28T12:05:18.450557Z","lu":false}</skipped></testcase><testcase classname="backend.tests.test_notifications.TestLeaveApprovalWithAssistantSlots" name="test_leave_approval_endpoint_exists" time="0.322" /><testcase classname="backend.tests.test_notifications.TestLeaveApprovalWithAssistantSlots" name="test_create_and_approve_leave_for_medecin" time="0.661" /><testcase classname="backend.tests.test_notifications.TestLeaveApprovalWithAssistantSlots" name="test_get_conges_list" time="0.304" /><testcase classname="backend.tests.test_notifications.TestAssistantSlotHandlingE2E" name="test_full_assistant_slot_handling_flow" time="3.586" /><testcase classname="backend.tests.test_notifications.TestNotificationsList" name="test_get_user_notifications" time="0.378" /><testcase classname="backend.tests.test_notifications.TestNotificationsList" name="test_mark_notification_read" time="0.490" /><testcase classname="backend.tests.test_notifications.TestCleanup" name="test_cleanup_test_leaves" time="0.778" /></testsuite></testsuites>